<?xml version="1.0" encoding="UTF-8"?>
<!-- Generated by org.testng.reporters.JUnitReportReporter -->
<testsuite hostname="HP15-BS-8TH-GEN-SERIES" failures="0" tests="1" name="Tests.dropdown" time="6.848" errors="0" timestamp="2023-03-06T20:45:17 IST" skipped="0">
  <testcase classname="Tests.dropdown" name="dropdownHover" time="6.848"/>
  <system-out/>
</testsuite> <!-- Tests.dropdown -->
