<?xml version="1.0" encoding="UTF-8"?>
<!-- Generated by org.testng.reporters.JUnitReportReporter -->
<testsuite hostname="HP15-BS-8TH-GEN-SERIES" failures="0" tests="1" name="Tests.dropdownDemo" time="8.973" errors="0" timestamp="2023-03-06T19:08:43 IST" skipped="0">
  <testcase classname="Tests.dropdownDemo" name="googleserachTest2" time="8.973"/>
  <system-out/>
</testsuite> <!-- Tests.dropdownDemo -->
