<?xml version="1.0" encoding="UTF-8"?>
<!-- Generated by org.testng.reporters.JUnitReportReporter -->
<testsuite hostname="HP15-BS-8TH-GEN-SERIES" failures="0" tests="3" name="Demo.TestNGPriorityDemo" time="0.012" errors="0" timestamp="2023-02-27T17:18:04 IST" skipped="0">
  <testcase classname="Demo.TestNGPriorityDemo" name="test3" time="0.001"/>
  <system-out/>
  <testcase classname="Demo.TestNGPriorityDemo" name="test1" time="0.009"/>
  <system-out/>
  <testcase classname="Demo.TestNGPriorityDemo" name="test2" time="0.002"/>
  <system-out/>
</testsuite> <!-- Demo.TestNGPriorityDemo -->
