<?xml version="1.0" encoding="UTF-8"?>
<!-- Generated by org.testng.reporters.JUnitReportReporter -->
<testsuite hostname="HP15-BS-8TH-GEN-SERIES" failures="0" tests="1" name="Tests.DynamicElement" time="17.974" errors="0" timestamp="2023-03-08T18:06:26 IST" skipped="0">
  <testcase classname="Tests.DynamicElement" name="dynamicTest" time="17.974"/>
  <system-out/>
</testsuite> <!-- Tests.DynamicElement -->
