<?xml version="1.0" encoding="UTF-8"?>
<!-- Generated by org.testng.reporters.JUnitReportReporter -->
<testsuite hostname="HP15-BS-8TH-GEN-SERIES" failures="0" tests="1" name="Demo.dropdownDemo" time="12.596" errors="0" timestamp="2023-03-06T19:11:06 IST" skipped="0">
  <testcase classname="Demo.dropdownDemo" name="googleserachTest2" time="12.596"/>
  <system-out/>
</testsuite> <!-- Demo.dropdownDemo -->
