<?xml version="1.0" encoding="UTF-8"?>
<!-- Generated by org.testng.reporters.JUnitReportReporter -->
<testsuite hostname="HP15-BS-8TH-GEN-SERIES" failures="0" tests="1" name="Tests.TestNGDemo2" time="13.054" errors="0" timestamp="2023-02-28T19:53:47 IST" skipped="0">
  <testcase classname="Tests.TestNGDemo2" name="googleserachTest2" time="13.054"/>
  <system-out/>
</testsuite> <!-- Tests.TestNGDemo2 -->
